#
# There is insufficient memory for the Java Runtime Environment to continue.
# Native memory allocation (malloc) failed to allocate 947136 bytes. Error detail: Chunk::new
# Possible reasons:
#   The system is out of physical RAM or swap space
#   This process is running with CompressedOops enabled, and the Java Heap may be blocking the growth of the native heap
# Possible solutions:
#   Reduce memory load on the system
#   Increase physical memory or swap space
#   Check if swap backing store is full
#   Decrease Java heap size (-Xmx/-Xms)
#   Decrease number of Java threads
#   Decrease Java thread stack sizes (-Xss)
#   Set larger code cache with -XX:ReservedCodeCacheSize=
#   JVM is running with Zero Based Compressed Oops mode in which the Java heap is
#     placed in the first 32GB address space. The Java Heap base address is the
#     maximum limit for the native heap growth. Please use -XX:HeapBaseMinAddress
#     to set the Java Heap base and to place the Java Heap above 32GB virtual address.
# This output file may be truncated or incomplete.
#
#  Out of Memory Error (arena.cpp:150), pid=25484, tid=29176
#
# JRE version: Java(TM) SE Runtime Environment (22.0.2+9) (build 22.0.2+9-70)
# Java VM: Java HotSpot(TM) 64-Bit Server VM (22.0.2+9-70, mixed mode, sharing, tiered, compressed oops, compressed class ptrs, g1 gc, windows-amd64)
# No core dump will be written. Minidumps are not enabled by default on client versions of Windows
#

---------------  S U M M A R Y ------------

Command Line: -Dclassworlds.conf=C:\Program Files\NetBeans-22\netbeans\java\maven\bin\m2.conf -Dmaven.home=C:\Program Files\NetBeans-22\netbeans\java\maven -Dlibrary.jansi.path=C:\Program Files\NetBeans-22\netbeans\java\maven\lib\jansi-native -Dmaven.multiModuleProjectDirectory=C:\Users\Administrator\Documents\NetBeansProjects\adminscreen org.codehaus.plexus.classworlds.launcher.Launcher -Dmaven.ext.class.path=C:\Program Files\NetBeans-22\netbeans\java\maven-nblib\netbeans-eventspy.jar --no-transfer-progress clean install

Host: 13th Gen Intel(R) Core(TM) i7-13700H, 20 cores, 15G,  Windows 11 , 64 bit Build 26100 (10.0.26100.1301)
Time: Sat Jun 28 16:35:52 2025 SE Asia Standard Time elapsed time: 9.708904 seconds (0d 0h 0m 9s)

---------------  T H R E A D  ---------------

Current thread (0x00000259c84ed640):  JavaThread "C2 CompilerThread3" daemon [_thread_in_native, id=29176, stack(0x000000638df00000,0x000000638e000000) (1024K)]


Current CompileTask:
C2:9709 7785       4       com.sun.tools.javac.comp.Resolve$AbstractMethodCheck::argumentsAcceptable (288 bytes)

Stack: [0x000000638df00000,0x000000638e000000]
Native frames: (J=compiled Java code, j=interpreted, Vv=VM code, C=native code)
V  [jvm.dll+0x6e26e9]  (no source info available)
V  [jvm.dll+0x875753]  (no source info available)
V  [jvm.dll+0x877b7e]  (no source info available)
V  [jvm.dll+0x878253]  (no source info available)
V  [jvm.dll+0x27fc86]  (no source info available)
V  [jvm.dll+0xc3d0f]  (no source info available)
V  [jvm.dll+0xc3f6b]  (no source info available)
V  [jvm.dll+0x2f3c7f]  (no source info available)
V  [jvm.dll+0x60c0fa]  (no source info available)
V  [jvm.dll+0x249915]  (no source info available)
V  [jvm.dll+0x246da6]  (no source info available)
V  [jvm.dll+0x1c4e80]  (no source info available)
V  [jvm.dll+0x2568f3]  (no source info available)
V  [jvm.dll+0x254baa]  (no source info available)
V  [jvm.dll+0x3f57a6]  (no source info available)
V  [jvm.dll+0x81dc0b]  (no source info available)
V  [jvm.dll+0x6e0d85]  (no source info available)
C  [ucrtbase.dll+0x14ea0]  (no source info available)
C  [KERNEL32.DLL+0x2dbe7]  (no source info available)
C  [ntdll.dll+0xda94c]  (no source info available)


---------------  P R O C E S S  ---------------

Threads class SMR info:
_java_thread_list=0x00000259c82d1a70, length=17, elements={
0x00000259d348f530, 0x00000259f2e227e0, 0x00000259f2e23440, 0x00000259f2e2dfe0,
0x00000259c5124090, 0x00000259c5124b90, 0x00000259c51255f0, 0x00000259c5130af0,
0x00000259c5157150, 0x00000259c5232e10, 0x00000259c52f8ce0, 0x00000259c52ff040,
0x00000259c572a100, 0x00000259c572a7c0, 0x00000259c637a640, 0x00000259c7b5e160,
0x00000259c84ed640
}

Java Threads: ( => current thread )
  0x00000259d348f530 JavaThread "main"                              [_thread_in_Java, id=28584, stack(0x000000638b700000,0x000000638b800000) (1024K)]
  0x00000259f2e227e0 JavaThread "Reference Handler"          daemon [_thread_blocked, id=30060, stack(0x000000638bf00000,0x000000638c000000) (1024K)]
  0x00000259f2e23440 JavaThread "Finalizer"                  daemon [_thread_blocked, id=16856, stack(0x000000638c000000,0x000000638c100000) (1024K)]
  0x00000259f2e2dfe0 JavaThread "Signal Dispatcher"          daemon [_thread_blocked, id=28252, stack(0x000000638c100000,0x000000638c200000) (1024K)]
  0x00000259c5124090 JavaThread "Attach Listener"            daemon [_thread_blocked, id=30016, stack(0x000000638c200000,0x000000638c300000) (1024K)]
  0x00000259c5124b90 JavaThread "Service Thread"             daemon [_thread_blocked, id=26148, stack(0x000000638c300000,0x000000638c400000) (1024K)]
  0x00000259c51255f0 JavaThread "Monitor Deflation Thread"   daemon [_thread_blocked, id=6640, stack(0x000000638c400000,0x000000638c500000) (1024K)]
  0x00000259c5130af0 JavaThread "C2 CompilerThread0"         daemon [_thread_in_native, id=12000, stack(0x000000638c500000,0x000000638c600000) (1024K)]
  0x00000259c5157150 JavaThread "C1 CompilerThread0"         daemon [_thread_blocked, id=26264, stack(0x000000638c600000,0x000000638c700000) (1024K)]
  0x00000259c5232e10 JavaThread "C1 CompilerThread1"         daemon [_thread_blocked, id=15436, stack(0x000000638c700000,0x000000638c800000) (1024K)]
  0x00000259c52f8ce0 JavaThread "Notification Thread"        daemon [_thread_blocked, id=28044, stack(0x000000638c800000,0x000000638c900000) (1024K)]
  0x00000259c52ff040 JavaThread "Common-Cleaner"             daemon [_thread_blocked, id=26520, stack(0x000000638c900000,0x000000638ca00000) (1024K)]
  0x00000259c572a100 JavaThread "C1 CompilerThread2"         daemon [_thread_blocked, id=28580, stack(0x000000638ca00000,0x000000638cb00000) (1024K)]
  0x00000259c572a7c0 JavaThread "C1 CompilerThread3"         daemon [_thread_blocked, id=16696, stack(0x000000638cb00000,0x000000638cc00000) (1024K)]
  0x00000259c637a640 JavaThread "C2 CompilerThread1"         daemon [_thread_in_native, id=30252, stack(0x000000638cc00000,0x000000638cd00000) (1024K)]
  0x00000259c7b5e160 JavaThread "C2 CompilerThread2"         daemon [_thread_in_native, id=30528, stack(0x000000638de00000,0x000000638df00000) (1024K)]
=>0x00000259c84ed640 JavaThread "C2 CompilerThread3"         daemon [_thread_in_native, id=29176, stack(0x000000638df00000,0x000000638e000000) (1024K)]
Total: 17

Other Threads:
  0x00000259f2e07d50 VMThread "VM Thread"                           [id=19844, stack(0x000000638be00000,0x000000638bf00000) (1024K)]
  0x00000259f2debbe0 WatcherThread "VM Periodic Task Thread"        [id=26632, stack(0x000000638bd00000,0x000000638be00000) (1024K)]
  0x00000259d34f5720 WorkerThread "GC Thread#0"                     [id=29740, stack(0x000000638b800000,0x000000638b900000) (1024K)]
  0x00000259f2e09370 WorkerThread "GC Thread#1"                     [id=18980, stack(0x000000638ce00000,0x000000638cf00000) (1024K)]
  0x00000259f2e079a0 WorkerThread "GC Thread#2"                     [id=11380, stack(0x000000638cf00000,0x000000638d000000) (1024K)]
  0x00000259f2e08fc0 WorkerThread "GC Thread#3"                     [id=23256, stack(0x000000638d000000,0x000000638d100000) (1024K)]
  0x00000259f2e084b0 WorkerThread "GC Thread#4"                     [id=22340, stack(0x000000638d100000,0x000000638d200000) (1024K)]
  0x00000259f2e08100 WorkerThread "GC Thread#5"                     [id=27188, stack(0x000000638d200000,0x000000638d300000) (1024K)]
  0x00000259f2e08860 WorkerThread "GC Thread#6"                     [id=29792, stack(0x000000638d300000,0x000000638d400000) (1024K)]
  0x00000259f2e08c10 WorkerThread "GC Thread#7"                     [id=1632, stack(0x000000638d400000,0x000000638d500000) (1024K)]
  0x00000259c66ee6c0 WorkerThread "GC Thread#8"                     [id=29992, stack(0x000000638d500000,0x000000638d600000) (1024K)]
  0x00000259c66eccf0 WorkerThread "GC Thread#9"                     [id=18724, stack(0x000000638cd00000,0x000000638ce00000) (1024K)]
  0x00000259c66ed0a0 WorkerThread "GC Thread#10"                    [id=30404, stack(0x000000638d600000,0x000000638d700000) (1024K)]
  0x00000259c66edf60 WorkerThread "GC Thread#11"                    [id=29476, stack(0x000000638d700000,0x000000638d800000) (1024K)]
  0x00000259c66eaf70 WorkerThread "GC Thread#12"                    [id=29640, stack(0x000000638d800000,0x000000638d900000) (1024K)]
  0x00000259c66ed800 WorkerThread "GC Thread#13"                    [id=29424, stack(0x000000638d900000,0x000000638da00000) (1024K)]
  0x00000259c66eb6d0 WorkerThread "GC Thread#14"                    [id=5864, stack(0x000000638da00000,0x000000638db00000) (1024K)]
  0x00000259d3507080 ConcurrentGCThread "G1 Main Marker"            [id=24328, stack(0x000000638b900000,0x000000638ba00000) (1024K)]
  0x00000259d3509250 WorkerThread "G1 Conc#0"                       [id=29984, stack(0x000000638ba00000,0x000000638bb00000) (1024K)]
  0x00000259c66eba80 WorkerThread "G1 Conc#1"                       [id=21108, stack(0x000000638db00000,0x000000638dc00000) (1024K)]
  0x00000259c66ebe30 WorkerThread "G1 Conc#2"                       [id=13300, stack(0x000000638dc00000,0x000000638dd00000) (1024K)]
  0x00000259c66ec590 WorkerThread "G1 Conc#3"                       [id=12544, stack(0x000000638dd00000,0x000000638de00000) (1024K)]
  0x00000259f2cb6090 ConcurrentGCThread "G1 Refine#0"               [id=17936, stack(0x000000638bb00000,0x000000638bc00000) (1024K)]
  0x00000259f2cb79d0 ConcurrentGCThread "G1 Service"                [id=28316, stack(0x000000638bc00000,0x000000638bd00000) (1024K)]
Total: 24

Threads with active compile tasks:
C2 CompilerThread0  9837 7784       4       com.sun.tools.javac.comp.Resolve$4::argumentsAcceptable (59 bytes)
C2 CompilerThread1  9837 7799   !   4       com.sun.tools.javac.comp.Resolve::selectBest (552 bytes)
C2 CompilerThread2  9837 7787       4       com.sun.tools.javac.comp.Resolve::rawInstantiate (508 bytes)
C2 CompilerThread3  9837 7785       4       com.sun.tools.javac.comp.Resolve$AbstractMethodCheck::argumentsAcceptable (288 bytes)
Total: 4

VM state: not at safepoint (normal execution)

VM Mutex/Monitor currently owned by a thread: None

Heap address: 0x0000000705a00000, size: 4006 MB, Compressed Oops mode: Zero based, Oop shift amount: 3

CDS archive(s) mapped at: [0x0000025980000000-0x0000025980c60000-0x0000025980c60000), size 12976128, SharedBaseAddress: 0x0000025980000000, ArchiveRelocationMode: 1.
Compressed class space mapped at: 0x0000025981000000-0x00000259c1000000, reserved size: 1073741824
Narrow klass base: 0x0000025980000000, Narrow klass shift: 0, Narrow klass range: 0x41000000

GC Precious Log:
 CardTable entry size: 512
 Card Set container configuration: InlinePtr #cards 4 size 8 Array Of Cards #cards 16 size 48 Howl #buckets 8 coarsen threshold 3686 Howl Bitmap #cards 512 size 80 coarsen threshold 460 Card regions per heap region 1 cards per card region 4096
 CPUs: 20 total, 20 available
 Memory: 16023M
 Large Page Support: Disabled
 NUMA Support: Disabled
 Compressed Oops: Enabled (Zero based)
 Heap Region Size: 2M
 Heap Min Capacity: 8M
 Heap Initial Capacity: 252M
 Heap Max Capacity: 4006M
 Pre-touch: Disabled
 Parallel Workers: 15
 Concurrent Workers: 4
 Concurrent Refinement Workers: 15
 Periodic GC: Disabled

Heap:
 garbage-first heap   total reserved 4102144K, committed 81920K, used 35840K [0x0000000705a00000, 0x0000000800000000)
  region size 2048K, 6 young (12288K), 1 survivors (2048K)
 Metaspace       used 28494K, committed 28928K, reserved 1114112K
  class space    used 3226K, committed 3392K, reserved 1048576K

Heap Regions: E=young(eden), S=young(survivor), O=old, HS=humongous(starts), HC=humongous(continues), CS=collection set, F=free, TAMS=top-at-mark-start, PB=parsable bottom
|   0|0x0000000705a00000, 0x0000000705c00000, 0x0000000705c00000|100%| O|  |TAMS 0x0000000705a00000| PB 0x0000000705a00000| Untracked |  0
|   1|0x0000000705c00000, 0x0000000705e00000, 0x0000000705e00000|100%| O|  |TAMS 0x0000000705c00000| PB 0x0000000705c00000| Untracked |  0
|   2|0x0000000705e00000, 0x0000000706000000, 0x0000000706000000|100%| O|  |TAMS 0x0000000705e00000| PB 0x0000000705e00000| Untracked |  0
|   3|0x0000000706000000, 0x0000000706200000, 0x0000000706200000|100%| O|  |TAMS 0x0000000706000000| PB 0x0000000706000000| Untracked |  0
|   4|0x0000000706200000, 0x0000000706400000, 0x0000000706400000|100%| O|  |TAMS 0x0000000706200000| PB 0x0000000706200000| Untracked |  0
|   5|0x0000000706400000, 0x0000000706600000, 0x0000000706600000|100%| O|  |TAMS 0x0000000706400000| PB 0x0000000706400000| Untracked |  0
|   6|0x0000000706600000, 0x0000000706800000, 0x0000000706800000|100%| O|  |TAMS 0x0000000706600000| PB 0x0000000706600000| Untracked |  0
|   7|0x0000000706800000, 0x0000000706a00000, 0x0000000706a00000|100%| O|  |TAMS 0x0000000706800000| PB 0x0000000706800000| Untracked |  0
|   8|0x0000000706a00000, 0x0000000706c00000, 0x0000000706c00000|100%| O|  |TAMS 0x0000000706a00000| PB 0x0000000706a00000| Untracked |  0
|   9|0x0000000706c00000, 0x0000000706e00000, 0x0000000706e00000|100%| O|  |TAMS 0x0000000706c00000| PB 0x0000000706c00000| Untracked |  0
|  10|0x0000000706e00000, 0x0000000707000000, 0x0000000707000000|100%| O|  |TAMS 0x0000000706e00000| PB 0x0000000706e00000| Untracked |  0
|  11|0x0000000707000000, 0x0000000707200000, 0x0000000707200000|100%| O|  |TAMS 0x0000000707000000| PB 0x0000000707000000| Untracked |  0
|  12|0x0000000707200000, 0x0000000707200000, 0x0000000707400000|  0%| F|  |TAMS 0x0000000707200000| PB 0x0000000707200000| Untracked |  0
|  13|0x0000000707400000, 0x0000000707400000, 0x0000000707600000|  0%| F|  |TAMS 0x0000000707400000| PB 0x0000000707400000| Untracked |  0
|  14|0x0000000707600000, 0x0000000707700000, 0x0000000707800000| 50%| O|  |TAMS 0x0000000707600000| PB 0x0000000707600000| Untracked |  0
|  15|0x0000000707800000, 0x0000000707800000, 0x0000000707a00000|  0%| F|  |TAMS 0x0000000707800000| PB 0x0000000707800000| Untracked |  0
|  16|0x0000000707a00000, 0x0000000707a00000, 0x0000000707c00000|  0%| F|  |TAMS 0x0000000707a00000| PB 0x0000000707a00000| Untracked |  0
|  17|0x0000000707c00000, 0x0000000707c00000, 0x0000000707e00000|  0%| F|  |TAMS 0x0000000707c00000| PB 0x0000000707c00000| Untracked |  0
|  18|0x0000000707e00000, 0x0000000707e00000, 0x0000000708000000|  0%| F|  |TAMS 0x0000000707e00000| PB 0x0000000707e00000| Untracked |  0
|  19|0x0000000708000000, 0x0000000708200000, 0x0000000708200000|100%| S|CS|TAMS 0x0000000708000000| PB 0x0000000708000000| Complete |  0
|  20|0x0000000708200000, 0x0000000708200000, 0x0000000708400000|  0%| F|  |TAMS 0x0000000708200000| PB 0x0000000708200000| Untracked |  0
|  21|0x0000000708400000, 0x0000000708400000, 0x0000000708600000|  0%| F|  |TAMS 0x0000000708400000| PB 0x0000000708400000| Untracked |  0
|  22|0x0000000708600000, 0x0000000708600000, 0x0000000708800000|  0%| F|  |TAMS 0x0000000708600000| PB 0x0000000708600000| Untracked |  0
|  23|0x0000000708800000, 0x0000000708800000, 0x0000000708a00000|  0%| F|  |TAMS 0x0000000708800000| PB 0x0000000708800000| Untracked |  0
|  24|0x0000000708a00000, 0x0000000708a00000, 0x0000000708c00000|  0%| F|  |TAMS 0x0000000708a00000| PB 0x0000000708a00000| Untracked |  0
|  25|0x0000000708c00000, 0x0000000708c00000, 0x0000000708e00000|  0%| F|  |TAMS 0x0000000708c00000| PB 0x0000000708c00000| Untracked |  0
|  26|0x0000000708e00000, 0x0000000708e00000, 0x0000000709000000|  0%| F|  |TAMS 0x0000000708e00000| PB 0x0000000708e00000| Untracked |  0
|  27|0x0000000709000000, 0x0000000709000000, 0x0000000709200000|  0%| F|  |TAMS 0x0000000709000000| PB 0x0000000709000000| Untracked |  0
|  28|0x0000000709200000, 0x0000000709200000, 0x0000000709400000|  0%| F|  |TAMS 0x0000000709200000| PB 0x0000000709200000| Untracked |  0
|  29|0x0000000709400000, 0x0000000709400000, 0x0000000709600000|  0%| F|  |TAMS 0x0000000709400000| PB 0x0000000709400000| Untracked |  0
|  30|0x0000000709600000, 0x0000000709600000, 0x0000000709800000|  0%| F|  |TAMS 0x0000000709600000| PB 0x0000000709600000| Untracked |  0
|  31|0x0000000709800000, 0x0000000709800000, 0x0000000709a00000|  0%| F|  |TAMS 0x0000000709800000| PB 0x0000000709800000| Untracked |  0
|  32|0x0000000709a00000, 0x0000000709a00000, 0x0000000709c00000|  0%| F|  |TAMS 0x0000000709a00000| PB 0x0000000709a00000| Untracked |  0
|  33|0x0000000709c00000, 0x0000000709c00000, 0x0000000709e00000|  0%| F|  |TAMS 0x0000000709c00000| PB 0x0000000709c00000| Untracked |  0
|  69|0x000000070e400000, 0x000000070e400000, 0x000000070e600000|  0%| F|  |TAMS 0x000000070e400000| PB 0x000000070e400000| Untracked |  0
|  70|0x000000070e600000, 0x000000070e6940c0, 0x000000070e800000| 28%| E|  |TAMS 0x000000070e600000| PB 0x000000070e600000| Complete |  0
|  71|0x000000070e800000, 0x000000070ea00000, 0x000000070ea00000|100%| E|CS|TAMS 0x000000070e800000| PB 0x000000070e800000| Complete |  0
|  72|0x000000070ea00000, 0x000000070ec00000, 0x000000070ec00000|100%| E|CS|TAMS 0x000000070ea00000| PB 0x000000070ea00000| Complete |  0
|  73|0x000000070ec00000, 0x000000070ee00000, 0x000000070ee00000|100%| E|CS|TAMS 0x000000070ec00000| PB 0x000000070ec00000| Complete |  0
| 125|0x0000000715400000, 0x0000000715600000, 0x0000000715600000|100%| E|CS|TAMS 0x0000000715400000| PB 0x0000000715400000| Complete |  0

Card table byte_map: [0x00000259ec290000,0x00000259eca70000] _byte_map_base: 0x00000259e8a63000

Marking Bits: (CMBitMap*) 0x00000259d34f5e30
 Bits: [0x00000259eca70000, 0x00000259f0908000)

Polling page: 0x00000259d1c70000

Metaspace:

Usage:
  Non-class:     24.68 MB used.
      Class:      3.15 MB used.
       Both:     27.83 MB used.

Virtual space:
  Non-class space:       64.00 MB reserved,      24.94 MB ( 39%) committed,  1 nodes.
      Class space:        1.00 GB reserved,       3.31 MB ( <1%) committed,  1 nodes.
             Both:        1.06 GB reserved,      28.25 MB (  3%) committed. 

Chunk freelists:
   Non-Class:  7.05 MB
       Class:  12.65 MB
        Both:  19.70 MB

MaxMetaspaceSize: unlimited
CompressedClassSpaceSize: 1.00 GB
Initial GC threshold: 21.00 MB
Current GC threshold: 35.31 MB
CDS: on
 - commit_granule_bytes: 65536.
 - commit_granule_words: 8192.
 - virtual_space_node_default_size: 8388608.
 - enlarge_chunks_in_place: 1.
 - use_allocation_guard: 0.


Internal statistics:

num_allocs_failed_limit: 3.
num_arena_births: 324.
num_arena_deaths: 0.
num_vsnodes_births: 2.
num_vsnodes_deaths: 0.
num_space_committed: 452.
num_space_uncommitted: 0.
num_chunks_returned_to_freelist: 3.
num_chunks_taken_from_freelist: 1325.
num_chunk_merges: 3.
num_chunk_splits: 951.
num_chunks_enlarged: 757.
num_inconsistent_stats: 0.

CodeHeap 'non-profiled nmethods': size=119168Kb used=4058Kb max_used=4058Kb free=115109Kb
 bounds [0x00000259e3470000, 0x00000259e3870000, 0x00000259ea8d0000]
CodeHeap 'profiled nmethods': size=119104Kb used=18674Kb max_used=18674Kb free=100429Kb
 bounds [0x00000259db8d0000, 0x00000259dcb10000, 0x00000259e2d20000]
CodeHeap 'non-nmethods': size=7488Kb used=3150Kb max_used=3216Kb free=4338Kb
 bounds [0x00000259e2d20000, 0x00000259e3050000, 0x00000259e3470000]
 total_blobs=8447 nmethods=7904 adapters=444
 compilation: enabled
              stopped_count=0, restarted_count=0
 full_count=0

Compilation events (20 events):
Event: 9.693 Thread 0x00000259c5157150 7884       3       java.lang.AbstractStringBuilder::delete (55 bytes)
Event: 9.693 Thread 0x00000259c5157150 nmethod 7884 0x00000259dcaec610 code [0x00000259dcaec7e0, 0x00000259dcaecb08]
Event: 9.695 Thread 0x00000259c5157150 7885       3       org.eclipse.sisu.inject.LazyBeanEntry$JsrNamed::<init> (15 bytes)
Event: 9.695 Thread 0x00000259c572a100 7886       3       com.google.inject.Scopes::isSingleton (108 bytes)
Event: 9.695 Thread 0x00000259c5157150 nmethod 7885 0x00000259dcaecc90 code [0x00000259dcaece40, 0x00000259dcaed0d8]
Event: 9.695 Thread 0x00000259c5130af0 nmethod 7766 0x00000259e3865310 code [0x00000259e38654a0, 0x00000259e38658e0]
Event: 9.695 Thread 0x00000259c5130af0 7784       4       com.sun.tools.javac.comp.Resolve$4::argumentsAcceptable (59 bytes)
Event: 9.696 Thread 0x00000259c572a100 nmethod 7886 0x00000259dcaed210 code [0x00000259dcaed4a0, 0x00000259dcaee528]
Event: 9.696 Thread 0x00000259c572a100 7887       3       org.codehaus.plexus.util.introspection.MethodMap::get (14 bytes)
Event: 9.696 Thread 0x00000259c5157150 7888       3       org.codehaus.plexus.util.introspection.ClassMap::getPublicMethod (29 bytes)
Event: 9.696 Thread 0x00000259c5232e10 7889       3       org.codehaus.plexus.util.introspection.MethodMap::add (44 bytes)
Event: 9.696 Thread 0x00000259c572a7c0 7890       3       org.codehaus.plexus.util.introspection.ClassMap::makeMethodKey (239 bytes)
Event: 9.696 Thread 0x00000259c572a100 nmethod 7887 0x00000259dcaee990 code [0x00000259dcaeeb40, 0x00000259dcaeee08]
Event: 9.696 Thread 0x00000259c572a100 7892       3       java.lang.Math::min (46 bytes)
Event: 9.696 Thread 0x00000259c5157150 nmethod 7888 0x00000259dcaeef10 code [0x00000259dcaef0e0, 0x00000259dcaef4e8]
Event: 9.696 Thread 0x00000259c572a100 nmethod 7892 0x00000259dcaef690 code [0x00000259dcaef840, 0x00000259dcaefb60]
Event: 9.696 Thread 0x00000259c5232e10 nmethod 7889 0x00000259dcaefc10 code [0x00000259dcaefe20, 0x00000259dcaf05d0]
Event: 9.696 Thread 0x00000259c5232e10 7893       3       java.lang.Class::privateGetPublicMethods (224 bytes)
Event: 9.698 Thread 0x00000259c572a7c0 nmethod 7890 0x00000259dcaf0890 code [0x00000259dcaf0c40, 0x00000259dcaf2660]
Event: 9.706 Thread 0x00000259c5232e10 nmethod 7893 0x00000259dcaf2e10 code [0x00000259dcaf30e0, 0x00000259dcaf3dc8]

GC Heap History (12 events):
Event: 1.175 GC heap before
{Heap before GC invocations=0 (full 0):
 garbage-first heap   total reserved 4102144K, committed 258048K, used 24576K [0x0000000705a00000, 0x0000000800000000)
  region size 2048K, 12 young (24576K), 0 survivors (0K)
 Metaspace       used 5720K, committed 5888K, reserved 1114112K
  class space    used 668K, committed 768K, reserved 1048576K
}
Event: 1.188 GC heap after
{Heap after GC invocations=1 (full 0):
 garbage-first heap   total reserved 4102144K, committed 258048K, used 4136K [0x0000000705a00000, 0x0000000800000000)
  region size 2048K, 2 young (4096K), 2 survivors (4096K)
 Metaspace       used 5720K, committed 5888K, reserved 1114112K
  class space    used 668K, committed 768K, reserved 1048576K
}
Event: 2.458 GC heap before
{Heap before GC invocations=1 (full 0):
 garbage-first heap   total reserved 4102144K, committed 258048K, used 38952K [0x0000000705a00000, 0x0000000800000000)
  region size 2048K, 20 young (40960K), 2 survivors (4096K)
 Metaspace       used 11410K, committed 11648K, reserved 1114112K
  class space    used 1370K, committed 1472K, reserved 1048576K
}
Event: 2.464 GC heap after
{Heap after GC invocations=2 (full 0):
 garbage-first heap   total reserved 4102144K, committed 258048K, used 6407K [0x0000000705a00000, 0x0000000800000000)
  region size 2048K, 2 young (4096K), 2 survivors (4096K)
 Metaspace       used 11410K, committed 11648K, reserved 1114112K
  class space    used 1370K, committed 1472K, reserved 1048576K
}
Event: 6.218 GC heap before
{Heap before GC invocations=2 (full 0):
 garbage-first heap   total reserved 4102144K, committed 258048K, used 106759K [0x0000000705a00000, 0x0000000800000000)
  region size 2048K, 52 young (106496K), 2 survivors (4096K)
 Metaspace       used 21277K, committed 21504K, reserved 1114112K
  class space    used 2507K, committed 2624K, reserved 1048576K
}
Event: 6.231 GC heap after
{Heap after GC invocations=3 (full 0):
 garbage-first heap   total reserved 4102144K, committed 258048K, used 13276K [0x0000000705a00000, 0x0000000800000000)
  region size 2048K, 5 young (10240K), 5 survivors (10240K)
 Metaspace       used 21277K, committed 21504K, reserved 1114112K
  class space    used 2507K, committed 2624K, reserved 1048576K
}
Event: 7.492 GC heap before
{Heap before GC invocations=4 (full 0):
 garbage-first heap   total reserved 4102144K, committed 49152K, used 48092K [0x0000000705a00000, 0x0000000800000000)
  region size 2048K, 22 young (45056K), 5 survivors (10240K)
 Metaspace       used 25820K, committed 26176K, reserved 1114112K
  class space    used 2981K, committed 3136K, reserved 1048576K
}
Event: 7.514 GC heap after
{Heap after GC invocations=5 (full 0):
 garbage-first heap   total reserved 4102144K, committed 67584K, used 22233K [0x0000000705a00000, 0x0000000800000000)
  region size 2048K, 9 young (18432K), 9 survivors (18432K)
 Metaspace       used 25820K, committed 26176K, reserved 1114112K
  class space    used 2981K, committed 3136K, reserved 1048576K
}
Event: 8.301 GC heap before
{Heap before GC invocations=5 (full 0):
 garbage-first heap   total reserved 4102144K, committed 67584K, used 42713K [0x0000000705a00000, 0x0000000800000000)
  region size 2048K, 19 young (38912K), 9 survivors (18432K)
 Metaspace       used 27183K, committed 27456K, reserved 1114112K
  class space    used 3117K, committed 3264K, reserved 1048576K
}
Event: 8.333 GC heap after
{Heap after GC invocations=6 (full 0):
 garbage-first heap   total reserved 4102144K, committed 67584K, used 26247K [0x0000000705a00000, 0x0000000800000000)
  region size 2048K, 2 young (4096K), 2 survivors (4096K)
 Metaspace       used 27183K, committed 27456K, reserved 1114112K
  class space    used 3117K, committed 3264K, reserved 1048576K
}
Event: 9.472 GC heap before
{Heap before GC invocations=6 (full 0):
 garbage-first heap   total reserved 4102144K, committed 67584K, used 52871K [0x0000000705a00000, 0x0000000800000000)
  region size 2048K, 15 young (30720K), 2 survivors (4096K)
 Metaspace       used 28380K, committed 28736K, reserved 1114112K
  class space    used 3216K, committed 3392K, reserved 1048576K
}
Event: 9.511 GC heap after
{Heap after GC invocations=7 (full 0):
 garbage-first heap   total reserved 4102144K, committed 81920K, used 27648K [0x0000000705a00000, 0x0000000800000000)
  region size 2048K, 1 young (2048K), 1 survivors (2048K)
 Metaspace       used 28380K, committed 28736K, reserved 1114112K
  class space    used 3216K, committed 3392K, reserved 1048576K
}

Dll operation events (8 events):
Event: 0.015 Loaded shared library C:\Program Files\Java\jdk-22\bin\java.dll
Event: 0.050 Loaded shared library C:\Program Files\Java\jdk-22\bin\jsvml.dll
Event: 0.068 Loaded shared library C:\Program Files\Java\jdk-22\bin\net.dll
Event: 0.070 Loaded shared library C:\Program Files\Java\jdk-22\bin\nio.dll
Event: 0.075 Loaded shared library C:\Program Files\Java\jdk-22\bin\zip.dll
Event: 0.249 Loaded shared library C:\Program Files\Java\jdk-22\bin\jimage.dll
Event: 0.262 Loaded shared library C:\Program Files\NetBeans-22\netbeans\java\maven\lib\jansi-native\Windows\x86_64\jansi.dll
Event: 0.280 Loaded shared library C:\Program Files\Java\jdk-22\bin\verify.dll

Deoptimization events (20 events):
Event: 9.555 Thread 0x00000259d348f530 Uncommon trap: trap_request=0xffffffc6 fr.pc=0x00000259e3814e40 relative=0x0000000000000200
Event: 9.555 Thread 0x00000259d348f530 Uncommon trap: reason=bimorphic_or_optimized_type_check action=maybe_recompile pc=0x00000259e3814e40 method=com.sun.tools.javac.code.Symbol.isStatic()Z @ 17 c2
Event: 9.555 Thread 0x00000259d348f530 DEOPT PACKING pc=0x00000259e3814e40 sp=0x000000638b7fd0f0
Event: 9.555 Thread 0x00000259d348f530 DEOPT UNPACKING pc=0x00000259e2d746a2 sp=0x000000638b7fd0b0 mode 2
Event: 9.555 Thread 0x00000259d348f530 Uncommon trap: trap_request=0xffffffc6 fr.pc=0x00000259e3814e40 relative=0x0000000000000200
Event: 9.555 Thread 0x00000259d348f530 Uncommon trap: reason=bimorphic_or_optimized_type_check action=maybe_recompile pc=0x00000259e3814e40 method=com.sun.tools.javac.code.Symbol.isStatic()Z @ 17 c2
Event: 9.555 Thread 0x00000259d348f530 DEOPT PACKING pc=0x00000259e3814e40 sp=0x000000638b7fd050
Event: 9.555 Thread 0x00000259d348f530 DEOPT UNPACKING pc=0x00000259e2d746a2 sp=0x000000638b7fd010 mode 2
Event: 9.557 Thread 0x00000259d348f530 Uncommon trap: trap_request=0xffffffc6 fr.pc=0x00000259e3814e40 relative=0x0000000000000200
Event: 9.557 Thread 0x00000259d348f530 Uncommon trap: reason=bimorphic_or_optimized_type_check action=maybe_recompile pc=0x00000259e3814e40 method=com.sun.tools.javac.code.Symbol.isStatic()Z @ 17 c2
Event: 9.557 Thread 0x00000259d348f530 DEOPT PACKING pc=0x00000259e3814e40 sp=0x000000638b7fcc40
Event: 9.557 Thread 0x00000259d348f530 DEOPT UNPACKING pc=0x00000259e2d746a2 sp=0x000000638b7fcc00 mode 2
Event: 9.557 Thread 0x00000259d348f530 Uncommon trap: trap_request=0xffffffc6 fr.pc=0x00000259e3814e40 relative=0x0000000000000200
Event: 9.557 Thread 0x00000259d348f530 Uncommon trap: reason=bimorphic_or_optimized_type_check action=maybe_recompile pc=0x00000259e3814e40 method=com.sun.tools.javac.code.Symbol.isStatic()Z @ 17 c2
Event: 9.557 Thread 0x00000259d348f530 DEOPT PACKING pc=0x00000259e3814e40 sp=0x000000638b7fce00
Event: 9.557 Thread 0x00000259d348f530 DEOPT UNPACKING pc=0x00000259e2d746a2 sp=0x000000638b7fcdc0 mode 2
Event: 9.624 Thread 0x00000259d348f530 Uncommon trap: trap_request=0xffffffc6 fr.pc=0x00000259e3833f30 relative=0x00000000000017b0
Event: 9.624 Thread 0x00000259d348f530 Uncommon trap: reason=bimorphic_or_optimized_type_check action=maybe_recompile pc=0x00000259e3833f30 method=com.sun.tools.javac.code.Types.capture(Lcom/sun/tools/javac/code/Type;)Lcom/sun/tools/javac/code/Type; @ 108 c2
Event: 9.624 Thread 0x00000259d348f530 DEOPT PACKING pc=0x00000259e3833f30 sp=0x000000638b7fcc00
Event: 9.624 Thread 0x00000259d348f530 DEOPT UNPACKING pc=0x00000259e2d746a2 sp=0x000000638b7fcba0 mode 2

Classes loaded (20 events):
Event: 8.433 Loading class java/util/EnumMap$EntrySet
Event: 8.433 Loading class java/util/EnumMap$EntrySet done
Event: 8.433 Loading class java/util/EnumMap$EntryIterator
Event: 8.433 Loading class java/util/EnumMap$EnumMapIterator
Event: 8.433 Loading class java/util/EnumMap$EnumMapIterator done
Event: 8.433 Loading class java/util/EnumMap$EntryIterator done
Event: 8.433 Loading class java/util/EnumMap$EntryIterator$Entry
Event: 8.434 Loading class java/util/EnumMap$EntryIterator$Entry done
Event: 9.355 Loading class java/io/DataOutputStream
Event: 9.356 Loading class java/io/DataOutputStream done
Event: 9.672 Loading class java/util/EnumMap$Values
Event: 9.672 Loading class java/util/EnumMap$Values done
Event: 9.672 Loading class java/util/EnumMap$ValueIterator
Event: 9.672 Loading class java/util/EnumMap$ValueIterator done
Event: 9.673 Loading class java/util/WeakHashMap$KeyIterator
Event: 9.674 Loading class java/util/WeakHashMap$HashIterator
Event: 9.674 Loading class java/util/WeakHashMap$HashIterator done
Event: 9.674 Loading class java/util/WeakHashMap$KeyIterator done
Event: 9.682 Loading class java/io/FileOutputStream$1
Event: 9.682 Loading class java/io/FileOutputStream$1 done

Classes unloaded (0 events):
No events

Classes redefined (0 events):
No events

Internal exceptions (20 events):
Event: 8.807 Thread 0x00000259d348f530 Exception <a 'sun/nio/fs/WindowsException'{0x000000070e6733a8}> (0x000000070e6733a8) 
thrown [s\open\src\hotspot\share\prims\jni.cpp, line 520]
Event: 8.844 Thread 0x00000259d348f530 Exception <a 'sun/nio/fs/WindowsException'{0x000000070e7373c8}> (0x000000070e7373c8) 
thrown [s\open\src\hotspot\share\prims\jni.cpp, line 520]
Event: 8.844 Thread 0x00000259d348f530 Exception <a 'sun/nio/fs/WindowsException'{0x000000070e737b58}> (0x000000070e737b58) 
thrown [s\open\src\hotspot\share\prims\jni.cpp, line 520]
Event: 8.928 Thread 0x00000259d348f530 Exception <a 'sun/nio/fs/WindowsException'{0x000000070e4304f0}> (0x000000070e4304f0) 
thrown [s\open\src\hotspot\share\prims\jni.cpp, line 520]
Event: 8.945 Thread 0x00000259d348f530 Exception <a 'sun/nio/fs/WindowsException'{0x000000070e46cc28}> (0x000000070e46cc28) 
thrown [s\open\src\hotspot\share\prims\jni.cpp, line 520]
Event: 8.963 Thread 0x00000259d348f530 Exception <a 'sun/nio/fs/WindowsException'{0x000000070e4ad770}> (0x000000070e4ad770) 
thrown [s\open\src\hotspot\share\prims\jni.cpp, line 520]
Event: 9.070 Thread 0x00000259d348f530 Exception <a 'sun/nio/fs/WindowsException'{0x0000000708fd1558}> (0x0000000708fd1558) 
thrown [s\open\src\hotspot\share\prims\jni.cpp, line 520]
Event: 9.087 Thread 0x00000259d348f530 Exception <a 'sun/nio/fs/WindowsException'{0x0000000708c22108}> (0x0000000708c22108) 
thrown [s\open\src\hotspot\share\prims\jni.cpp, line 520]
Event: 9.092 Thread 0x00000259d348f530 Exception <a 'sun/nio/fs/WindowsException'{0x0000000708c365b8}> (0x0000000708c365b8) 
thrown [s\open\src\hotspot\share\prims\jni.cpp, line 520]
Event: 9.373 Thread 0x00000259d348f530 Exception <a 'sun/nio/fs/WindowsException'{0x00000007087a9868}> (0x00000007087a9868) 
thrown [s\open\src\hotspot\share\prims\jni.cpp, line 520]
Event: 9.385 Thread 0x00000259d348f530 Exception <a 'sun/nio/fs/WindowsException'{0x00000007087fafe0}> (0x00000007087fafe0) 
thrown [s\open\src\hotspot\share\prims\jni.cpp, line 520]
Event: 9.437 Thread 0x00000259d348f530 Exception <a 'sun/nio/fs/WindowsException'{0x00000007085dade8}> (0x00000007085dade8) 
thrown [s\open\src\hotspot\share\prims\jni.cpp, line 520]
Event: 9.558 Thread 0x00000259d348f530 Exception <a 'sun/nio/fs/WindowsException'{0x00000007154ff400}> (0x00000007154ff400) 
thrown [s\open\src\hotspot\share\prims\jni.cpp, line 520]
Event: 9.561 Thread 0x00000259d348f530 Exception <a 'sun/nio/fs/WindowsException'{0x00000007155042c8}> (0x00000007155042c8) 
thrown [s\open\src\hotspot\share\prims\jni.cpp, line 520]
Event: 9.573 Thread 0x00000259d348f530 Exception <a 'sun/nio/fs/WindowsException'{0x0000000715542548}> (0x0000000715542548) 
thrown [s\open\src\hotspot\share\prims\jni.cpp, line 520]
Event: 9.592 Thread 0x00000259d348f530 Exception <a 'sun/nio/fs/WindowsException'{0x0000000715590e48}> (0x0000000715590e48) 
thrown [s\open\src\hotspot\share\prims\jni.cpp, line 520]
Event: 9.639 Thread 0x00000259d348f530 Exception <a 'java/lang/NoSuchMethodError'{0x00000007155d3bd0}: 'java.lang.Object java.lang.invoke.DirectMethodHandle$Holder.newInvokeSpecial(java.lang.Object, java.lang.Object, java.lang.Object, int)'> (0x00000007155d3bd0) 
thrown [s\open\src\hotspot\share\interpreter\linkResolver.cpp, line 774]
Event: 9.640 Thread 0x00000259d348f530 Exception <a 'java/lang/NoSuchMethodError'{0x00000007155d7fd0}: 'java.lang.Object java.lang.invoke.DirectMethodHandle$Holder.invokeSpecial(java.lang.Object, java.lang.Object, java.lang.Object, java.lang.Object, int)'> (0x00000007155d7fd0) 
thrown [s\open\src\hotspot\share\interpreter\linkResolver.cpp, line 774]
Event: 9.640 Thread 0x00000259d348f530 Exception <a 'java/lang/NoSuchMethodError'{0x00000007155db9b8}: 'java.lang.Object java.lang.invoke.Invokers$Holder.linkToTargetMethod(java.lang.Object, java.lang.Object, int, java.lang.Object)'> (0x00000007155db9b8) 
thrown [s\open\src\hotspot\share\interpreter\linkResolver.cpp, line 774]
Event: 9.668 Thread 0x00000259d348f530 Exception <a 'sun/nio/fs/WindowsException'{0x000000070ed0ac20}> (0x000000070ed0ac20) 
thrown [s\open\src\hotspot\share\prims\jni.cpp, line 520]

ZGC Phase Switch (0 events):
No events

VM Operations (20 events):
Event: 8.476 Executing VM operation: ICBufferFull
Event: 8.477 Executing VM operation: ICBufferFull done
Event: 8.586 Executing VM operation: ICBufferFull
Event: 8.586 Executing VM operation: ICBufferFull done
Event: 8.672 Executing VM operation: HandshakeAllThreads (Deoptimize)
Event: 8.672 Executing VM operation: HandshakeAllThreads (Deoptimize) done
Event: 8.674 Executing VM operation: HandshakeAllThreads (Deoptimize)
Event: 8.674 Executing VM operation: HandshakeAllThreads (Deoptimize) done
Event: 8.675 Executing VM operation: ICBufferFull
Event: 8.676 Executing VM operation: ICBufferFull done
Event: 8.933 Executing VM operation: ICBufferFull
Event: 8.933 Executing VM operation: ICBufferFull done
Event: 9.110 Executing VM operation: ICBufferFull
Event: 9.110 Executing VM operation: ICBufferFull done
Event: 9.401 Executing VM operation: ICBufferFull
Event: 9.402 Executing VM operation: ICBufferFull done
Event: 9.471 Executing VM operation: G1CollectForAllocation (G1 Evacuation Pause)
Event: 9.511 Executing VM operation: G1CollectForAllocation (G1 Evacuation Pause) done
Event: 9.637 Executing VM operation: HandshakeAllThreads (Deoptimize)
Event: 9.637 Executing VM operation: HandshakeAllThreads (Deoptimize) done

Memory protections (0 events):
No events

Nmethod flushes (0 events):
No events

Events (20 events):
Event: 0.048 Thread 0x00000259d348f530 Thread added: 0x00000259c5124b90
Event: 0.048 Thread 0x00000259d348f530 Thread added: 0x00000259c51255f0
Event: 0.048 Thread 0x00000259d348f530 Thread added: 0x00000259c5130af0
Event: 0.048 Thread 0x00000259d348f530 Thread added: 0x00000259c5157150
Event: 0.054 Thread 0x00000259c5157150 Thread added: 0x00000259c5232e10
Event: 0.063 Thread 0x00000259d348f530 Thread added: 0x00000259c52f8ce0
Event: 0.065 Thread 0x00000259d348f530 Thread added: 0x00000259c52ff040
Event: 0.485 Thread 0x00000259c5157150 Thread added: 0x00000259c572a100
Event: 0.486 Thread 0x00000259c5157150 Thread added: 0x00000259c572a7c0
Event: 0.674 Thread 0x00000259c5130af0 Thread added: 0x00000259c5a38590
Event: 0.674 Thread 0x00000259c5130af0 Thread added: 0x00000259c57eabf0
Event: 0.929 Thread 0x00000259c57eabf0 Thread exited: 0x00000259c57eabf0
Event: 1.024 Thread 0x00000259c5157150 Thread added: 0x00000259c5ec9c20
Event: 1.983 Thread 0x00000259c5ec9c20 Thread exited: 0x00000259c5ec9c20
Event: 2.912 Thread 0x00000259c5a38590 Thread exited: 0x00000259c5a38590
Event: 3.533 Thread 0x00000259c5232e10 Thread added: 0x00000259c6fa42d0
Event: 4.286 Thread 0x00000259c6fa42d0 Thread exited: 0x00000259c6fa42d0
Event: 4.337 Thread 0x00000259c5232e10 Thread added: 0x00000259c637a640
Event: 7.040 Thread 0x00000259c5130af0 Thread added: 0x00000259c7b5e160
Event: 7.872 Thread 0x00000259c572a100 Thread added: 0x00000259c84ed640


Dynamic libraries:
0x00007ff63bb60000 - 0x00007ff63bb70000 	C:\Program Files\Java\jdk-22\bin\java.exe
0x00007ffedc040000 - 0x00007ffedc2a2000 	C:\Windows\SYSTEM32\ntdll.dll
0x00007ffedb0a0000 - 0x00007ffedb167000 	C:\Windows\System32\KERNEL32.DLL
0x00007ffed9450000 - 0x00007ffed97f0000 	C:\Windows\System32\KERNELBASE.dll
0x00007ffed9800000 - 0x00007ffed994c000 	C:\Windows\System32\ucrtbase.dll
0x00007ffebb4b0000 - 0x00007ffebb4c7000 	C:\Program Files\Java\jdk-22\bin\jli.dll
0x00007ffebb490000 - 0x00007ffebb4ab000 	C:\Program Files\Java\jdk-22\bin\VCRUNTIME140.dll
0x00007ffedbe30000 - 0x00007ffedbff2000 	C:\Windows\System32\USER32.dll
0x00007ffed9ad0000 - 0x00007ffed9af7000 	C:\Windows\System32\win32u.dll
0x00007ffec8c40000 - 0x00007ffec8ed0000 	C:\Windows\WinSxS\amd64_microsoft.windows.common-controls_6595b64144ccf1df_6.0.26100.712_none_4446894f1c2e6cc3\COMCTL32.dll
0x00007ffedb310000 - 0x00007ffedb33a000 	C:\Windows\System32\GDI32.dll
0x00007ffedbb50000 - 0x00007ffedbbf9000 	C:\Windows\System32\msvcrt.dll
0x00007ffed9b00000 - 0x00007ffed9c21000 	C:\Windows\System32\gdi32full.dll
0x00007ffed9e10000 - 0x00007ffed9eb3000 	C:\Windows\System32\msvcp_win.dll
0x00007ffedbce0000 - 0x00007ffedbd0f000 	C:\Windows\System32\IMM32.DLL
0x00007ffed2db0000 - 0x00007ffed2dbc000 	C:\Program Files\Java\jdk-22\bin\vcruntime140_1.dll
0x00007ffeaa550000 - 0x00007ffeaa5de000 	C:\Program Files\Java\jdk-22\bin\msvcp140.dll
0x00007ffe48440000 - 0x00007ffe49189000 	C:\Program Files\Java\jdk-22\bin\server\jvm.dll
0x00007ffedb170000 - 0x00007ffedb222000 	C:\Windows\System32\ADVAPI32.dll
0x00007ffeda770000 - 0x00007ffeda817000 	C:\Windows\System32\sechost.dll
0x00007ffeda880000 - 0x00007ffeda996000 	C:\Windows\System32\RPCRT4.dll
0x00007ffeda370000 - 0x00007ffeda3e4000 	C:\Windows\System32\WS2_32.dll
0x00007ffec92c0000 - 0x00007ffec92cb000 	C:\Windows\SYSTEM32\VERSION.dll
0x00007ffed81b0000 - 0x00007ffed81fe000 	C:\Windows\SYSTEM32\POWRPROF.dll
0x00007ffecf9c0000 - 0x00007ffecf9f6000 	C:\Windows\SYSTEM32\WINMM.dll
0x00007ffed8190000 - 0x00007ffed81a4000 	C:\Windows\SYSTEM32\UMPDC.dll
0x00007ffed8430000 - 0x00007ffed844a000 	C:\Windows\SYSTEM32\kernel.appcore.dll
0x00007ffec91b0000 - 0x00007ffec91ba000 	C:\Program Files\Java\jdk-22\bin\jimage.dll
0x00007ffed6ca0000 - 0x00007ffed6ee1000 	C:\Windows\SYSTEM32\DBGHELP.DLL
0x00007ffeda3f0000 - 0x00007ffeda765000 	C:\Windows\System32\combase.dll
0x00007ffedbc00000 - 0x00007ffedbcd6000 	C:\Windows\System32\OLEAUT32.dll
0x00007ffea6400000 - 0x00007ffea6439000 	C:\Windows\SYSTEM32\dbgcore.DLL
0x00007ffed9c30000 - 0x00007ffed9cc9000 	C:\Windows\System32\bcryptPrimitives.dll
0x00007ffebb470000 - 0x00007ffebb48e000 	C:\Program Files\Java\jdk-22\bin\java.dll
0x00007ffeda9a0000 - 0x00007ffedb092000 	C:\Windows\System32\SHELL32.dll
0x00007ffed9f40000 - 0x00007ffeda0d9000 	C:\Windows\System32\ole32.dll
0x00007ffed72b0000 - 0x00007ffed7ad4000 	C:\Windows\SYSTEM32\windows.storage.dll
0x00007ffedb530000 - 0x00007ffedb603000 	C:\Windows\System32\SHCORE.dll
0x00007ffeda270000 - 0x00007ffeda2cd000 	C:\Windows\System32\shlwapi.dll
0x00007ffed9370000 - 0x00007ffed9394000 	C:\Windows\SYSTEM32\profapi.dll
0x00007ffea9a70000 - 0x00007ffea9b47000 	C:\Program Files\Java\jdk-22\bin\jsvml.dll
0x00007ffec8ee0000 - 0x00007ffec8ef0000 	C:\Program Files\Java\jdk-22\bin\net.dll
0x00007ffed88f0000 - 0x00007ffed8958000 	C:\Windows\system32\mswsock.dll
0x00007ffeaaa50000 - 0x00007ffeaaa66000 	C:\Program Files\Java\jdk-22\bin\nio.dll
0x00007ffebb6e0000 - 0x00007ffebb6f7000 	C:\Program Files\Java\jdk-22\bin\zip.dll
0x0000000069ac0000 - 0x0000000069ae4000 	C:\Program Files\NetBeans-22\netbeans\java\maven\lib\jansi-native\Windows\x86_64\jansi.dll
0x00007ffec7be0000 - 0x00007ffec7bf0000 	C:\Program Files\Java\jdk-22\bin\verify.dll
0x00007ffed6b50000 - 0x00007ffed6b85000 	C:\Windows\SYSTEM32\ntmarta.dll

dbghelp: loaded successfully - version: 4.0.5 - missing functions: none
symbol engine: initialized successfully - sym options: 0x614 - pdb path: .;C:\Program Files\Java\jdk-22\bin;C:\Windows\SYSTEM32;C:\Windows\WinSxS\amd64_microsoft.windows.common-controls_6595b64144ccf1df_6.0.26100.712_none_4446894f1c2e6cc3;C:\Program Files\Java\jdk-22\bin\server;C:\Program Files\NetBeans-22\netbeans\java\maven\lib\jansi-native\Windows\x86_64

VM Arguments:
jvm_args: -Dclassworlds.conf=C:\Program Files\NetBeans-22\netbeans\java\maven\bin\m2.conf -Dmaven.home=C:\Program Files\NetBeans-22\netbeans\java\maven -Dlibrary.jansi.path=C:\Program Files\NetBeans-22\netbeans\java\maven\lib\jansi-native -Dmaven.multiModuleProjectDirectory=C:\Users\Administrator\Documents\NetBeansProjects\adminscreen 
java_command: org.codehaus.plexus.classworlds.launcher.Launcher -Dmaven.ext.class.path=C:\Program Files\NetBeans-22\netbeans\java\maven-nblib\netbeans-eventspy.jar --no-transfer-progress clean install
java_class_path (initial): C:\Program Files\NetBeans-22\netbeans\java\maven\boot\plexus-classworlds-2.7.0.jar
Launcher Type: SUN_STANDARD

[Global flags]
     intx CICompilerCount                          = 12                                        {product} {ergonomic}
     uint ConcGCThreads                            = 4                                         {product} {ergonomic}
     uint G1ConcRefinementThreads                  = 15                                        {product} {ergonomic}
   size_t G1HeapRegionSize                         = 2097152                                   {product} {ergonomic}
   size_t InitialHeapSize                          = 264241152                                 {product} {ergonomic}
   size_t MarkStackSize                            = 4194304                                   {product} {ergonomic}
   size_t MaxHeapSize                              = 4200595456                                {product} {ergonomic}
   size_t MaxNewSize                               = 2518679552                                {product} {ergonomic}
   size_t MinHeapDeltaBytes                        = 2097152                                   {product} {ergonomic}
   size_t MinHeapSize                              = 8388608                                   {product} {ergonomic}
    uintx NonNMethodCodeHeapSize                   = 7602480                                {pd product} {ergonomic}
    uintx NonProfiledCodeHeapSize                  = 122027880                              {pd product} {ergonomic}
    uintx ProfiledCodeHeapSize                     = 122027880                              {pd product} {ergonomic}
    uintx ReservedCodeCacheSize                    = 251658240                              {pd product} {ergonomic}
     bool SegmentedCodeCache                       = true                                      {product} {ergonomic}
   size_t SoftMaxHeapSize                          = 4200595456                             {manageable} {ergonomic}
     bool UseCompressedOops                        = true                           {product lp64_product} {ergonomic}
     bool UseG1GC                                  = true                                      {product} {ergonomic}
     bool UseLargePagesIndividualAllocation        = false                                  {pd product} {ergonomic}

Logging:
Log output configuration:
 #0: stdout all=warning uptime,level,tags foldmultilines=false
 #1: stderr all=off uptime,level,tags foldmultilines=false

Environment Variables:
JAVA_HOME=C:\Program Files\Java\jdk-22
PATH=C:\Program Files\Eclipse Adoptium\jdk-21.0.5.11-hotspot\bin;C:\Program Files\Common Files\Oracle\Java\javapath;C:\Windows\system32;C:\Windows;C:\Windows\System32\Wbem;C:\Windows\System32\WindowsPowerShell\v1.0\;C:\Windows\System32\OpenSSH\;C:\Program Files\dotnet\;C:\Program Files (x86)\Microsoft SQL Server\160\Tools\Binn\;C:\Program Files\Microsoft SQL Server\160\Tools\Binn\;C:\Program Files\Microsoft SQL Server\Client SDK\ODBC\170\Tools\Binn\;C:\Program Files\Microsoft SQL Server\160\DTS\Binn\;C:\Program Files (x86)\Microsoft SQL Server\160\DTS\Binn\;C:\Program Files\Microsoft VS Code\bin;C:\Program Files\Java\jdk-17\bin;C:\Program Files\Git\cmd;C:\Program Files\Java\jdk-17\bin;C:\Program Files\Eclipse Adoptium\jdk-21.0.5.11-hotspot\bin;C:\Program Files\Common Files\Oracle\Java\javapath;C:\Windows\system32;C:\Windows;C:\Windows\System32\Wbem;C:\Windows\System32\WindowsPowerShell\v1.0\;C:\Windows\System32\OpenSSH\;C:\Program Files\dotnet\;C:\Program Files (x86)\Microsoft SQL Server\160\Tools\Binn\;C:\Program Files\Microsoft SQL Server\160\Tools\Binn\;C:\Program Files\Microsoft SQL Server\Client SDK\ODBC\170\Tools\Binn\;C:\Program Files\Microsoft SQL Server\160\DTS\Binn\;C:\Program Files (x86)\Microsoft SQL Server\160\DTS\Binn\;C:\Program Files\Microsoft VS Code\bin;C:\Program Files\Java\jdk-17\bin;C:\Program Files\Git\cmd;C:\Program Files\Java\jdk-17\bin;;C:\Users\Administrator\Downloads\apache-ant-1.10.15-bin\apache-ant-1.10.15\bin
USERNAME=Administrator
OS=Windows_NT
PROCESSOR_IDENTIFIER=Intel64 Family 6 Model 186 Stepping 2, GenuineIntel
TMP=C:\Users\ADMINI~1\AppData\Local\Temp
TEMP=C:\Users\ADMINI~1\AppData\Local\Temp




Periodic native trim disabled

---------------  S Y S T E M  ---------------

OS:
 Windows 11 , 64 bit Build 26100 (10.0.26100.1301)
OS uptime: 0 days 6:52 hours

CPU: total 20 (initial active 20) (10 cores per cpu, 2 threads per core) family 6 model 186 stepping 2 microcode 0x4123, cx8, cmov, fxsr, ht, mmx, 3dnowpref, sse, sse2, sse3, ssse3, sse4.1, sse4.2, popcnt, lzcnt, tsc, tscinvbit, avx, avx2, aes, erms, clmul, bmi1, bmi2, adx, sha, fma, vzeroupper, clflush, clflushopt, clwb, serialize, rdtscp, rdpid, fsrm, f16c, pku, cet_ibt, cet_ss
Processor Information for all 20 processors :
  Max Mhz: 2918, Current Mhz: 2918, Mhz Limit: 2918

Memory: 4k page, system-wide physical 16023M (754M free)
TotalPageFile size 37537M (AvailPageFile size 5M)
current process WorkingSet (physical memory assigned to process): 227M, peak: 239M
current process commit charge ("private bytes"): 286M, peak: 431M

vm_info: Java HotSpot(TM) 64-Bit Server VM (22.0.2+9-70) for windows-amd64 JRE (22.0.2+9-70), built on 2024-06-04T16:52:23Z by "mach5one" with MS VC++ 17.6 (VS2022)

END.
